0.267882        >gi|145708096|ref|YP_001165271.1| phage tail protein gpI [Ralstonia phage phiRSA1]
0.758530        >gi|209447192|ref|YP_002274277.1| phage minor tail protein L [Stx2-converting phage 1717]
-0.424328        >gi|72537708|ref|YP_293738.1| phage tail completion protein [Burkholderia phage phi52237]
-0.895600        >gi|72537697|ref|YP_293727.1| phage tail protein E [Burkholderia phage phi52237]
-0.033280        >gi|110804026|ref|YP_699936.1| phage major tail protein, phi13 family subfamily [Clostridium phage phiSM101]
-0.695504        >gi|72537702|ref|YP_293732.1| phage tail protein I [Burkholderia phage phi52237]
0.714136        >gi|257136412|ref|YP_003169686.1| phage tail superfamily [Staphylococcus phage P954]
-0.797498        >gi|225220096|ref|YP_002720063.1| phage minor tail protein L [Enterobacteria phage SSL-2009a]
-0.393877        >gi|134288801|ref|YP_001111214.1| gp14, phage major tail tube protein [Burkholderia phage phiE255]
-0.963656        >gi|134288780|ref|YP_001111059.1| gp28, phage tail protein E [Burkholderia phage phiE202]
-0.991518        >gi|134288759|ref|YP_001111060.1| gp29, phage major tail tube protein [Burkholderia phage phiE202]
0.783034        >gi|134288754|ref|YP_001111071.1| gp40, P2 phage tail completion protein R (GpR) [Burkholderia phage phiE202]
-0.991518        >gi|134288724|ref|YP_001111182.1| gp32, phage major tail tube protein [Burkholderia phage phiE12-2]
-0.895600        >gi|134288708|ref|YP_001111181.1| gp31, phage tail protein E [Burkholderia phage phiE12-2]
-0.991518        >gi|72537698|ref|YP_293728.1| phage major tail tube protein [Burkholderia phage phi52237]
0.513041        >gi|134288683|ref|YP_001111097.1| gp18, phage minor tail protein L [Burkholderia phage phi644-2]
0.761020        >gi|134288678|ref|YP_001111095.1| gp16, phage minor tail protein [Burkholderia phage phi644-2]
0.982636        >gi|282598708|ref|YP_003358805.1| phage major tail protein [Enterococcus phage phiEf11]
0.136590        >gi|94994271|ref|YP_602369.1| phage tail protein [Streptococcus phage 10750.2]
0.136590        >gi|94990348|ref|YP_598448.1| phage tail protein [Streptococcus phage 10270.2]
0.721129        >gi|90961771|ref|YP_535687.1| Phage tail tape mesure protein [Lactobacillus phage Sal1]
0.522523        >gi|90961275|ref|YP_535191.1| phage tail tape mesure [Lactobacillus phage Sal2]
0.612794        >gi|90961271|ref|YP_535187.1| Phage major tail protein [Lactobacillus phage Sal2]
-0.656031        >gi|134288744|ref|YP_001111064.1| gp33, phage tail protein I [Burkholderia phage phiE202]
-0.695504        >gi|134288700|ref|YP_001111186.1| gp36, phage tail protein I [Burkholderia phage phiE12-2]
0.771413        >gi|126010914|ref|YP_001039831.1| phage tail protein I [Vibrio phage VP882]
0.941775        >gi|90961768|ref|YP_535684.1| Phage major tail protein [Lactobacillus phage Sal1]
-0.950931        >gi|16764276|ref|NP_459891.1| phage tail component [Salmonella phage Fels-1]
0.521895        >gi|292899509|ref|YP_003538878.1| phage tail fiber protein [unidentified phage]
0.552633        >gi|90961270|ref|YP_535186.1| Phage tail protein [Lactobacillus phage Sal2]
0.882229        >gi|41179369|ref|NP_958677.1| phage tail protein [Bordetella phage BPP-1]
0.979817        >gi|309795370|ref|ZP_07689788.1| phage tail fiber repeat protein [Escherichia coli MS 145-7]
