Warning: Duplicate directory name: /Applications/MATLAB_R2008a/toolbox/local.
Compiler version: 4.8 (R2008a)
Processing /Applications/MATLAB_R2008a/toolbox/matlab/mcc.enc
Warning: Name is nonexistent or not a directory:
/var/folders/Yx/YxSZ0wGFG-e4h-EC7+Kljk+++TI/-Tmp-/../../../../../Users/vs/Documents/ViralDarkMatter/SPANN/deploy.
Warning: Name is nonexistent or not a directory:
/var/folders/Yx/YxSZ0wGFG-e4h-EC7+Kljk+++TI/-Tmp-/../../../../../Users/vs/Documents/MATLAB.
Warning: Name is nonexistent or not a directory:
/var/folders/Yx/YxSZ0wGFG-e4h-EC7+Kljk+++TI/-Tmp-/../../../../../Users/vs/Documents/tftb.
Warning: Name is nonexistent or not a directory:
/var/folders/Yx/YxSZ0wGFG-e4h-EC7+Kljk+++TI/-Tmp-/../../../../../Users/vs/Documents/tftb/tftb-0.1.
Warning: Name is nonexistent or not a directory:
/var/folders/Yx/YxSZ0wGFG-e4h-EC7+Kljk+++TI/-Tmp-/../../../../../Users/vs/Documents/tftb/tftb-0.1/data.
Warning: Name is nonexistent or not a directory:
/var/folders/Yx/YxSZ0wGFG-e4h-EC7+Kljk+++TI/-Tmp-/../../../../../Users/vs/Documents/tftb/tftb-0.1/demos.
Warning: Name is nonexistent or not a directory:
/var/folders/Yx/YxSZ0wGFG-e4h-EC7+Kljk+++TI/-Tmp-/../../../../../Users/vs/Documents/tftb/tftb-0.1/mfiles.
Warning: Name is nonexistent or not a directory:
/var/folders/Yx/YxSZ0wGFG-e4h-EC7+Kljk+++TI/-Tmp-/../../../../../Users/vs/Documents/tftb/tftb-0.1/refguide.
Warning: Name is nonexistent or not a directory:
/var/folders/Yx/YxSZ0wGFG-e4h-EC7+Kljk+++TI/-Tmp-/../../../../../Users/vs/Documents/tftb/tftb-0.1/refguide/figure.
Warning: Name is nonexistent or not a directory:
/var/folders/Yx/YxSZ0wGFG-e4h-EC7+Kljk+++TI/-Tmp-/../../../../../Users/vs/Documents/tftb/tftb-0.1/scripts.
Warning: Name is nonexistent or not a directory:
/var/folders/Yx/YxSZ0wGFG-e4h-EC7+Kljk+++TI/-Tmp-/../../../../../Users/vs/Documents/tftb/tftb-0.2.
Warning: Name is nonexistent or not a directory:
/var/folders/Yx/YxSZ0wGFG-e4h-EC7+Kljk+++TI/-Tmp-/../../../../../Users/vs/Documents/tftb/tftb-0.2/CVS.
Warning: Name is nonexistent or not a directory:
/var/folders/Yx/YxSZ0wGFG-e4h-EC7+Kljk+++TI/-Tmp-/../../../../../Users/vs/Documents/tftb/tftb-0.2/data.
Warning: Name is nonexistent or not a directory:
/var/folders/Yx/YxSZ0wGFG-e4h-EC7+Kljk+++TI/-Tmp-/../../../../../Users/vs/Documents/tftb/tftb-0.2/data/CVS.
Warning: Name is nonexistent or not a directory:
/var/folders/Yx/YxSZ0wGFG-e4h-EC7+Kljk+++TI/-Tmp-/../../../../../Users/vs/Documents/tftb/tftb-0.2/demos.
Warning: Name is nonexistent or not a directory:
/var/folders/Yx/YxSZ0wGFG-e4h-EC7+Kljk+++TI/-Tmp-/../../../../../Users/vs/Documents/tftb/tftb-0.2/demos/CVS.
Warning: Name is nonexistent or not a directory:
/var/folders/Yx/YxSZ0wGFG-e4h-EC7+Kljk+++TI/-Tmp-/../../../../../Users/vs/Documents/tftb/tftb-0.2/mfiles.
Warning: Name is nonexistent or not a directory:
/var/folders/Yx/YxSZ0wGFG-e4h-EC7+Kljk+++TI/-Tmp-/../../../../../Users/vs/Documents/tftb/tftb-0.2/mfiles/CVS.
Warning: Name is nonexistent or not a directory:
/var/folders/Yx/YxSZ0wGFG-e4h-EC7+Kljk+++TI/-Tmp-/../../../../../Users/vs/Documents/tftb/tftb-0.2/refguide.
Warning: Name is nonexistent or not a directory:
/var/folders/Yx/YxSZ0wGFG-e4h-EC7+Kljk+++TI/-Tmp-/../../../../../Users/vs/Documents/tftb/tftb-0.2/refguide/CVS.
Warning: Name is nonexistent or not a directory:
/var/folders/Yx/YxSZ0wGFG-e4h-EC7+Kljk+++TI/-Tmp-/../../../../../Users/vs/Documents/tftb/tftb-0.2/refguide/figure.
Warning: Name is nonexistent or not a directory:
/var/folders/Yx/YxSZ0wGFG-e4h-EC7+Kljk+++TI/-Tmp-/../../../../../Users/vs/Documents/tftb/tftb-0.2/refguide/figure/CVS.
Warning: Name is nonexistent or not a directory:
/var/folders/Yx/YxSZ0wGFG-e4h-EC7+Kljk+++TI/-Tmp-/../../../../../Users/vs/Documents/tftb/tftb-0.2/scripts.
Warning: Name is nonexistent or not a directory:
/var/folders/Yx/YxSZ0wGFG-e4h-EC7+Kljk+++TI/-Tmp-/../../../../../Users/vs/Documents/tftb/tftb-0.2/scripts/CVS.
Warning: Name is nonexistent or not a directory:
/var/folders/Yx/YxSZ0wGFG-e4h-EC7+Kljk+++TI/-Tmp-/../../../../../Users/vs/Documents/tftb/tftb-0.2/tests.
Warning: Name is nonexistent or not a directory:
/var/folders/Yx/YxSZ0wGFG-e4h-EC7+Kljk+++TI/-Tmp-/../../../../../Users/vs/Documents/tftb/tftb-0.2/tests/CVS.
Warning: Name is nonexistent or not a directory:
/var/folders/Yx/YxSZ0wGFG-e4h-EC7+Kljk+++TI/-Tmp-/../../../../../Users/vs/Documents/tftb/tftb-0.2/tutorial.
Warning: Name is nonexistent or not a directory:
/var/folders/Yx/YxSZ0wGFG-e4h-EC7+Kljk+++TI/-Tmp-/../../../../../Users/vs/Documents/tftb/tftb-0.2/tutorial/CVS.
Warning: Name is nonexistent or not a directory:
/var/folders/Yx/YxSZ0wGFG-e4h-EC7+Kljk+++TI/-Tmp-/../../../../../Users/vs/Documents/tftb/tftb-0.2/tutorial/figure.
Warning: Name is nonexistent or not a directory:
/var/folders/Yx/YxSZ0wGFG-e4h-EC7+Kljk+++TI/-Tmp-/../../../../../Users/vs/Documents/tftb/tftb-0.2/tutorial/figure/CVS.
mcc -o 'ivireonn' -W 'main' -d '/Users/vs/Documents/ViralDarkMatter/SPANN/deploy/ivireonn/src' -T 'link:exe' -v -N '/Users/vs/Documents/ViralDarkMatter/SPANN/deploy/ann_vote.m' -a '/Users/vs/Documents/ViralDarkMatter/SPANN/deploy/AA_ONLY_96.15_129' -a '/Users/vs/Documents/ViralDarkMatter/SPANN/deploy/AA_ONLY_94.94_39' -a '/Users/vs/Documents/ViralDarkMatter/SPANN/deploy/AA_ONLY_93.67_67' -a '/Users/vs/Documents/ViralDarkMatter/SPANN/deploy/AA_ONLY_93.67_38' -a '/Users/vs/Documents/ViralDarkMatter/SPANN/deploy/AA_ONLY_93.67_37' 
Processing include files...
2 item(s) added.
Processing directories installed with MCR...
The file /Users/vs/Documents/ViralDarkMatter/SPANN/deploy/ivireonn/src/mccExcludedFiles.log contains a list of functions excluded from the CTF archive.
0 item(s) added.
Generating MATLAB path for the compiled application...
Created 37 path items.
Begin validation of MEX files: Fri Mar 16 16:19:39 2012
Validating '/Applications/MATLAB_R2008a/toolbox/compiler/deploy/deploywhich.mexmaci'.
No conflicting M-file found.
Validating '/Applications/MATLAB_R2008a/toolbox/compiler/deploy/readline.mexmaci'.
No conflicting M-file found.
End validation of MEX files: Fri Mar 16 16:19:39 2012
Deleting 2 temporary MEX authorization files.
Removing: '/var/folders/Yx/YxSZ0wGFG-e4h-EC7+Kljk+++TI/-Tmp-/M2go7K_54073.auth'.
Removing: '/var/folders/Yx/YxSZ0wGFG-e4h-EC7+Kljk+++TI/-Tmp-/zgJGFQ_54073.auth'.
Parsing file "/Users/vs/Documents/ViralDarkMatter/SPANN/deploy/ann_vote.m"
	(Referenced from: "Compiler Command Line").
Parsing file "/Applications/MATLAB_R2008a/toolbox/compiler/deploy/deployprint.m"
	(Referenced from: "Compiler Command Line").
Parsing file "/Applications/MATLAB_R2008a/toolbox/compiler/deploy/printdlg.m"
	(Referenced from: "Compiler Command Line").
Generating file "/Users/vs/Documents/ViralDarkMatter/SPANN/deploy/ivireonn/src/ivireonn_main.c".
Generating file "/Users/vs/Documents/ViralDarkMatter/SPANN/deploy/ivireonn/src/run_ivireonn.sh".
Generating file "/Users/vs/Documents/ViralDarkMatter/SPANN/deploy/ivireonn/src/readme.txt".
Generating file "/Users/vs/Documents/ViralDarkMatter/SPANN/deploy/ivireonn/src/ivireonn_mcc_component_data.c".
Executing command: mbuild  -O -v -output "ivireonn" -I"/Users/vs/Documents/ViralDarkMatter/SPANN/deploy/ivireonn/src" "/Users/vs/Documents/ViralDarkMatter/SPANN/deploy/ivireonn/src/ivireonn_main.c" "/Users/vs/Documents/ViralDarkMatter/SPANN/deploy/ivireonn/src/ivireonn_mcc_component_data.c" -link exe -outdir "/Users/vs/Documents/ViralDarkMatter/SPANN/deploy/ivireonn/src"
----------------------------------------------------------------
-> mbuildopts.sh sourced from directory (DIR = $HOME/.matlab/$REL_VERSION)
   FILE = /Users/vs/.matlab/R2008a/mbuildopts.sh
----------------------------------------------------------------
->    TMW_ROOT              = /Applications/MATLAB_R2008a
->    CC                    = gcc-4.0
->    CC flags:
         CFLAGS             = -fno-common -no-cpp-precomp -I/Applications/MATLAB_R2008a/extern/include -DUNIX -DX11
         CDEBUGFLAGS        = -g
         COPTIMFLAGS        = -O3 -DNDEBUG
         CLIBS              = -L/Applications/MATLAB_R2008a/bin/maci  -lmwmclmcrrt
         arguments          =  -I/Users/vs/Documents/ViralDarkMatter/SPANN/deploy/ivireonn/src
->    LD                    = gcc-4.0
->    Link flags:
         LDFLAGS            = -Wl,-flat_namespace -undefined suppress -bind_at_load
         LDDEBUGFLAGS       = -g
         LDOPTIMFLAGS       = -O
         arguments          = 
----------------------------------------------------------------

-> gcc-4.0 -c  -fno-common -no-cpp-precomp -I/Applications/MATLAB_R2008a/extern/include -DUNIX -DX11  -I/Users/vs/Documents/ViralDarkMatter/SPANN/deploy/ivireonn/src -O3 -DNDEBUG /Users/vs/Documents/ViralDarkMatter/SPANN/deploy/ivireonn/src/ivireonn_main.c -o /Users/vs/Documents/ViralDarkMatter/SPANN/deploy/ivireonn/src/ivireonn_main.o

-> gcc-4.0 -c  -fno-common -no-cpp-precomp -I/Applications/MATLAB_R2008a/extern/include -DUNIX -DX11  -I/Users/vs/Documents/ViralDarkMatter/SPANN/deploy/ivireonn/src -O3 -DNDEBUG /Users/vs/Documents/ViralDarkMatter/SPANN/deploy/ivireonn/src/ivireonn_mcc_component_data.c -o /Users/vs/Documents/ViralDarkMatter/SPANN/deploy/ivireonn/src/ivireonn_mcc_component_data.o

-> gcc-4.0 -O -Wl,-flat_namespace -undefined suppress -bind_at_load -framework CoreFoundation  -o /Users/vs/Documents/ViralDarkMatter/SPANN/deploy/ivireonn/src/ivireonn  /Users/vs/Documents/ViralDarkMatter/SPANN/deploy/ivireonn/src/ivireonn_main.o /Users/vs/Documents/ViralDarkMatter/SPANN/deploy/ivireonn/src/ivireonn_mcc_component_data.o -L/Applications/MATLAB_R2008a/bin/maci  -lmwmclmcrrt 

